2025-01-19 03:09:58 typo fix
2025-03-01 12:11:01 remove deprecated code
2025-07-05 13:18:58 improve logging format
2025-04-19 21:56:11 update schema migration
2025-10-17 21:18:49 stabilize build
2025-10-29 23:55:42 update roadmap
2025-02-03 22:13:24 improve UX
2025-12-28 02:37:26 improve caching
2025-05-13 09:20:23 fix build error
2025-06-15 21:08:04 adjust timeout
2025-05-29 02:53:55 fix encoding issue
2025-04-17 09:55:29 update constants
2025-11-08 07:17:39 add integration tests
2025-02-26 00:52:10 update version
2025-09-29 13:16:15 UI improvements
2025-06-16 00:18:21 add logging
2025-03-01 20:10:11 update deployment script
2025-04-08 17:29:04 update configs
2025-11-30 04:13:14 update API keys
2025-10-21 16:46:00 update docs with examples
2025-09-01 06:54:58 update workflow
2025-04-27 03:10:06 enhance logging
2025-05-26 11:52:25 fix typo in docs
2025-02-09 08:40:10 adjust timeout
2025-11-18 10:28:27 update schema migration
2025-04-09 17:09:56 improve logging format
2025-03-24 04:45:44 better error handling
2025-02-09 07:31:51 update database schema
2025-10-24 11:57:05 fix crash issue
2025-05-29 23:22:32 enhance logging
2025-07-28 08:40:45 add logging
2025-07-03 19:35:35 improve security
2025-02-25 16:35:24 hotfix applied
2025-11-15 19:33:45 fix config bug
